TN:
SF:routes\auth.js
FN:5,(anonymous_0)
FN:31,(anonymous_1)
FN:32,(anonymous_2)
FNF:3
FNH:3
FNDA:7,(anonymous_0)
FNDA:2,(anonymous_1)
FNDA:2,(anonymous_2)
DA:1,1
DA:2,1
DA:3,1
DA:5,1
DA:6,7
DA:8,7
DA:10,7
DA:11,4
DA:17,3
DA:19,2
DA:20,1
DA:21,1
DA:22,1
DA:24,1
DA:31,1
DA:32,2
DA:33,2
DA:34,1
DA:36,2
DA:40,1
LF:20
LH:20
BRDA:10,0,0,4
BRDA:10,0,1,3
BRDA:10,1,0,7
BRDA:10,1,1,4
BRDA:19,2,0,1
BRDA:19,2,1,1
BRDA:33,3,0,1
BRDA:33,3,1,1
BRF:8
BRH:8
end_of_record
TN:
SF:routes\index.js
FN:4,(anonymous_0)
FNF:1
FNH:1
FNDA:1,(anonymous_0)
DA:1,1
DA:2,1
DA:4,1
DA:5,1
DA:6,1
DA:9,0
DA:15,1
LF:7
LH:6
BRDA:5,0,0,1
BRDA:5,0,1,0
BRF:2
BRH:1
end_of_record
TN:
SF:services\authService.js
FN:6,buscarPorCredenciais
FN:29,(anonymous_1)
FN:38,(anonymous_2)
FNF:3
FNH:0
FNDA:0,buscarPorCredenciais
FNDA:0,(anonymous_1)
FNDA:0,(anonymous_2)
DA:1,1
DA:2,1
DA:4,1
DA:7,0
DA:9,0
DA:10,0
DA:12,0
DA:29,0
DA:30,0
DA:35,0
DA:36,0
DA:38,0
DA:39,0
DA:43,0
DA:44,0
DA:47,0
DA:48,0
DA:52,1
LF:18
LH:4
BRDA:9,0,0,0
BRDA:9,0,1,0
BRDA:30,1,0,0
BRDA:30,1,1,0
BRDA:39,2,0,0
BRDA:39,2,1,0
BRF:6
BRH:0
end_of_record
